{"/Users/macbookpro/Desktop/Proyects/react-juks/hooks/use-async-controller/constants.js": {"path":"/Users/macbookpro/Desktop/Proyects/react-juks/hooks/use-async-controller/constants.js","statementMap":{"0":{"start":{"line":1,"column":27},"end":{"line":1,"column":50}}},"fnMap":{},"branchMap":{},"s":{"0":1},"f":{},"b":{},"_coverageSchema":"1a1c01bbd47fc00a2c39e90264f33305004495a9","hash":"65d3b30788d16d7682b06717844e22f122c569db"}
,"/Users/macbookpro/Desktop/Proyects/react-juks/hooks/use-async-controller/use-async-controller.js": {"path":"/Users/macbookpro/Desktop/Proyects/react-juks/hooks/use-async-controller/use-async-controller.js","statementMap":{"0":{"start":{"line":3,"column":29},"end":{"line":21,"column":1}},"1":{"start":{"line":4,"column":38},"end":{"line":4,"column":69}},"2":{"start":{"line":5,"column":52},"end":{"line":5,"column":67}},"3":{"start":{"line":7,"column":2},"end":{"line":12,"column":26}},"4":{"start":{"line":8,"column":4},"end":{"line":11,"column":5}},"5":{"start":{"line":9,"column":6},"end":{"line":9,"column":43}},"6":{"start":{"line":10,"column":6},"end":{"line":10,"column":34}},"7":{"start":{"line":14,"column":16},"end":{"line":18,"column":23}},"8":{"start":{"line":15,"column":4},"end":{"line":15,"column":23}},"9":{"start":{"line":16,"column":4},"end":{"line":16,"column":31}},"10":{"start":{"line":17,"column":4},"end":{"line":17,"column":43}},"11":{"start":{"line":17,"column":25},"end":{"line":17,"column":43}},"12":{"start":{"line":20,"column":2},"end":{"line":20,"column":36}}},"fnMap":{"0":{"name":"(anonymous_0)","decl":{"start":{"line":3,"column":29},"end":{"line":3,"column":30}},"loc":{"start":{"line":3,"column":50},"end":{"line":21,"column":1}},"line":3},"1":{"name":"(anonymous_1)","decl":{"start":{"line":7,"column":12},"end":{"line":7,"column":13}},"loc":{"start":{"line":7,"column":18},"end":{"line":12,"column":3}},"line":7},"2":{"name":"(anonymous_2)","decl":{"start":{"line":14,"column":28},"end":{"line":14,"column":29}},"loc":{"start":{"line":14,"column":34},"end":{"line":18,"column":3}},"line":14}},"branchMap":{"0":{"loc":{"start":{"line":8,"column":4},"end":{"line":11,"column":5}},"type":"if","locations":[{"start":{"line":8,"column":4},"end":{"line":11,"column":5}},{"start":{"line":8,"column":4},"end":{"line":11,"column":5}}],"line":8},"1":{"loc":{"start":{"line":17,"column":4},"end":{"line":17,"column":43}},"type":"if","locations":[{"start":{"line":17,"column":4},"end":{"line":17,"column":43}},{"start":{"line":17,"column":4},"end":{"line":17,"column":43}}],"line":17}},"s":{"0":1,"1":19,"2":19,"3":19,"4":19,"5":5,"6":5,"7":19,"8":5,"9":5,"10":5,"11":1,"12":19},"f":{"0":19,"1":19,"2":5},"b":{"0":[5,14],"1":[1,4]},"_coverageSchema":"1a1c01bbd47fc00a2c39e90264f33305004495a9","hash":"ce8825e7a1ad756343f20e85c6918ecb3b93fe11"}
,"/Users/macbookpro/Desktop/Proyects/react-juks/hooks/use-async-controller/utils.js": {"path":"/Users/macbookpro/Desktop/Proyects/react-juks/hooks/use-async-controller/utils.js","statementMap":{"0":{"start":{"line":3,"column":33},"end":{"line":12,"column":1}},"1":{"start":{"line":4,"column":2},"end":{"line":11,"column":5}},"2":{"start":{"line":5,"column":4},"end":{"line":9,"column":9}},"3":{"start":{"line":6,"column":6},"end":{"line":9,"column":9}},"4":{"start":{"line":7,"column":8},"end":{"line":7,"column":58}},"5":{"start":{"line":7,"column":29},"end":{"line":7,"column":58}},"6":{"start":{"line":8,"column":8},"end":{"line":8,"column":60}},"7":{"start":{"line":10,"column":4},"end":{"line":10,"column":31}}},"fnMap":{"0":{"name":"(anonymous_0)","decl":{"start":{"line":3,"column":33},"end":{"line":3,"column":34}},"loc":{"start":{"line":3,"column":84},"end":{"line":12,"column":1}},"line":3},"1":{"name":"(anonymous_1)","decl":{"start":{"line":4,"column":21},"end":{"line":4,"column":22}},"loc":{"start":{"line":4,"column":48},"end":{"line":11,"column":3}},"line":4},"2":{"name":"(anonymous_2)","decl":{"start":{"line":6,"column":44},"end":{"line":6,"column":45}},"loc":{"start":{"line":6,"column":50},"end":{"line":9,"column":7}},"line":6}},"branchMap":{"0":{"loc":{"start":{"line":5,"column":4},"end":{"line":9,"column":9}},"type":"if","locations":[{"start":{"line":5,"column":4},"end":{"line":9,"column":9}},{"start":{"line":5,"column":4},"end":{"line":9,"column":9}}],"line":5},"1":{"loc":{"start":{"line":7,"column":8},"end":{"line":7,"column":58}},"type":"if","locations":[{"start":{"line":7,"column":8},"end":{"line":7,"column":58}},{"start":{"line":7,"column":8},"end":{"line":7,"column":58}}],"line":7}},"s":{"0":1,"1":5,"2":5,"3":5,"4":4,"5":0,"6":4,"7":5},"f":{"0":5,"1":5,"2":4},"b":{"0":[5,0],"1":[0,4]},"_coverageSchema":"1a1c01bbd47fc00a2c39e90264f33305004495a9","hash":"28f31b8f322ab1e9dd546509c26dfa30a0fc73f9"}
,"/Users/macbookpro/Desktop/Proyects/react-juks/hooks/use-toggle/use-toggle.js": {"path":"/Users/macbookpro/Desktop/Proyects/react-juks/hooks/use-toggle/use-toggle.js","statementMap":{"0":{"start":{"line":3,"column":18},"end":{"line":9,"column":1}},"1":{"start":{"line":4,"column":28},"end":{"line":4,"column":50}},"2":{"start":{"line":6,"column":17},"end":{"line":6,"column":56}},"3":{"start":{"line":6,"column":35},"end":{"line":6,"column":51}},"4":{"start":{"line":8,"column":2},"end":{"line":8,"column":25}}},"fnMap":{"0":{"name":"(anonymous_0)","decl":{"start":{"line":3,"column":18},"end":{"line":3,"column":19}},"loc":{"start":{"line":3,"column":44},"end":{"line":9,"column":1}},"line":3},"1":{"name":"(anonymous_1)","decl":{"start":{"line":6,"column":29},"end":{"line":6,"column":30}},"loc":{"start":{"line":6,"column":35},"end":{"line":6,"column":51}},"line":6}},"branchMap":{"0":{"loc":{"start":{"line":3,"column":19},"end":{"line":3,"column":39}},"type":"default-arg","locations":[{"start":{"line":3,"column":34},"end":{"line":3,"column":39}}],"line":3}},"s":{"0":1,"1":7,"2":7,"3":2,"4":7},"f":{"0":7,"1":2},"b":{"0":[2]},"_coverageSchema":"1a1c01bbd47fc00a2c39e90264f33305004495a9","hash":"7fab23caa218e8d6d9f39e038c555062fcc1feb9"}
}
