TN:
SF:hooks/use-async-controller/constants.js
FNF:0
FNH:0
DA:1,1
LF:1
LH:1
BRF:0
BRH:0
end_of_record
TN:
SF:hooks/use-async-controller/use-async-controller.js
FN:3,(anonymous_0)
FN:7,(anonymous_1)
FN:14,(anonymous_2)
FNF:3
FNH:3
FNDA:19,(anonymous_0)
FNDA:19,(anonymous_1)
FNDA:5,(anonymous_2)
DA:3,1
DA:4,19
DA:5,19
DA:7,19
DA:8,19
DA:9,5
DA:10,5
DA:14,19
DA:15,5
DA:16,5
DA:17,5
DA:20,19
LF:12
LH:12
BRDA:8,0,0,5
BRDA:8,0,1,14
BRDA:17,1,0,1
BRDA:17,1,1,4
BRF:4
BRH:4
end_of_record
TN:
SF:hooks/use-async-controller/utils.js
FN:3,(anonymous_0)
FN:4,(anonymous_1)
FN:6,(anonymous_2)
FNF:3
FNH:3
FNDA:5,(anonymous_0)
FNDA:5,(anonymous_1)
FNDA:4,(anonymous_2)
DA:3,1
DA:4,5
DA:5,5
DA:6,5
DA:7,4
DA:8,4
DA:10,5
LF:7
LH:7
BRDA:5,0,0,5
BRDA:5,0,1,0
BRDA:7,1,0,0
BRDA:7,1,1,4
BRF:4
BRH:2
end_of_record
TN:
SF:hooks/use-toggle/use-toggle.js
FN:3,(anonymous_0)
FN:6,(anonymous_1)
FNF:2
FNH:2
FNDA:7,(anonymous_0)
FNDA:2,(anonymous_1)
DA:3,1
DA:4,7
DA:6,7
DA:8,7
LF:4
LH:4
BRDA:3,0,0,2
BRF:1
BRH:1
end_of_record
